#
# A fatal error has been detected by the Java Runtime Environment:
#
#  EXCEPTION_ACCESS_VIOLATION (0xc0000005) at pc=0x0000000059f528cf, pid=7352, tid=7784
#
# JRE version: 7.0_02-b13
# Java VM: Java HotSpot(TM) 64-Bit Server VM (22.0-b10 mixed mode windows-amd64 compressed oops)
# Problematic frame:
# V  [jvm.dll+0x3e28cf]
#
# Failed to write core dump. Minidumps are not enabled by default on client versions of Windows
#
# If you would like to submit a bug report, please visit:
#   http://bugreport.sun.com/bugreport/crash.jsp
#

---------------  T H R E A D  ---------------

Current thread (0x00000000065e7800):  JavaThread "C2 CompilerThread1" daemon [_thread_in_native, id=7784, stack(0x00000000079e0000,0x0000000007ae0000)]

siginfo: ExceptionCode=0xc0000005, reading address 0x0000000000000008

Registers:
RAX=0x0000000000000000, RBX=0x0000000007adc960, RCX=0x000000000880f770, RDX=0x0000000000000000
RSP=0x0000000007adbb10, RBP=0x0000000007adbcc0, RSI=0x000000000949dd18, RDI=0x0000000000000000
R8 =0x0000000009345540, R9 =0x0000000000002000, R10=0x0000000008ed4880, R11=0x0000000000000000
R12=0x0000000008745640, R13=0x000000000831b070, R14=0x0000000007adbbe0, R15=0x0000000007adbc00
RIP=0x0000000059f528cf, EFLAGS=0x0000000000010202

Top of Stack: (sp=0x0000000007adbb10)
0x0000000007adbb10:   0000000007adc960 0000000008745640
0x0000000007adbb20:   000000000a3fa040 0000000000000000
0x0000000007adbb30:   0000000008745640 0000000000000002
0x0000000007adbb40:   0000000008321fd0 0000000059f53389
0x0000000007adbb50:   0000000007adbcc0 000000000000019e
0x0000000007adbb60:   0000000007adbc48 0000000007adbcc0
0x0000000007adbb70:   0000000000000020 000000000815ad30
0x0000000007adbb80:   0000000000000000 000000000000bfb0
0x0000000007adbb90:   000000000812d7e0 0000000007adbcc0
0x0000000007adbba0:   00000000065d1ae0 0000000000000002
0x0000000007adbbb0:   0000000007adc960 0000000059f554f7
0x0000000007adbbc0:   0000000007adc960 0000000000000001
0x0000000007adbbd0:   0000000000000002 0000000007adbc48
0x0000000007adbbe0:   00000000065d1ae0 0000000000000200
0x0000000007adbbf0:   0000000008637f10 000000000000019f
0x0000000007adbc00:   000000005a0b44f8 00000000065d1ae0 

Instructions: (pc=0x0000000059f528cf)
0x0000000059f528af:   48 3b f0 0f 84 87 01 00 00 44 8b 4b 28 0f 1f 40
0x0000000059f528bf:   00 41 8b 53 28 4c 8b 83 e0 09 00 00 4d 8b 1c d0
0x0000000059f528cf:   49 8b 43 08 48 39 38 75 2d 0f 1f 84 00 00 00 00
0x0000000059f528df:   00 41 8b 43 28 41 3b c1 73 0c 8b c8 48 8b 43 30 


Register to memory mapping:

RAX=0x0000000000000000 is an unknown value
RBX=0x0000000007adc960 is pointing into the stack for thread: 0x00000000065e7800
RCX=0x000000000880f770 is an unknown value
RDX=0x0000000000000000 is an unknown value
RSP=0x0000000007adbb10 is pointing into the stack for thread: 0x00000000065e7800
RBP=0x0000000007adbcc0 is pointing into the stack for thread: 0x00000000065e7800
RSI=0x000000000949dd18 is an unknown value
RDI=0x0000000000000000 is an unknown value
R8 =0x0000000009345540 is an unknown value
R9 =0x0000000000002000 is an unknown value
R10=0x0000000008ed4880 is an unknown value
R11=0x0000000000000000 is an unknown value
R12=0x0000000008745640 is an unknown value
R13=0x000000000831b070 is an unknown value
R14=0x0000000007adbbe0 is pointing into the stack for thread: 0x00000000065e7800
R15=0x0000000007adbc00 is pointing into the stack for thread: 0x00000000065e7800


Stack: [0x00000000079e0000,0x0000000007ae0000],  sp=0x0000000007adbb10,  free space=1006k
Native frames: (J=compiled Java code, j=interpreted, Vv=VM code, C=native code)
V  [jvm.dll+0x3e28cf]


Current CompileTask:
C2:2915444  872             jregex.Pretokenizer::next (1064 bytes)


---------------  P R O C E S S  ---------------

Java Threads: ( => current thread )
  0x0000000008031000 JavaThread "New I/O server worker #1-8" [_thread_in_native, id=7912, stack(0x000000000a060000,0x000000000a160000)]
  0x0000000008030800 JavaThread "com.mchange.v2.async.ThreadPoolAsynchronousRunner$PoolThread-#2" daemon [_thread_blocked, id=4356, stack(0x000000000b760000,0x000000000b860000)]
  0x00000000099d8800 JavaThread "com.mchange.v2.async.ThreadPoolAsynchronousRunner$PoolThread-#1" daemon [_thread_blocked, id=5636, stack(0x000000000b5d0000,0x000000000b6d0000)]
  0x00000000088d3800 JavaThread "com.mchange.v2.async.ThreadPoolAsynchronousRunner$PoolThread-#0" daemon [_thread_blocked, id=6320, stack(0x0000000007b00000,0x0000000007c00000)]
  0x0000000009030000 JavaThread "Timer-0" daemon [_thread_blocked, id=4444, stack(0x000000000b4c0000,0x000000000b5c0000)]
  0x0000000008a8b800 JavaThread "play-thread-1" [_thread_blocked, id=2980, stack(0x000000000a1a0000,0x000000000a2a0000)]
  0x000000000231f800 JavaThread "DestroyJavaVM" [_thread_blocked, id=6444, stack(0x00000000026b0000,0x00000000027b0000)]
  0x0000000008a0f800 JavaThread "New I/O server boss #1 ([id: 0x05f86961, /0:0:0:0:0:0:0:0:9000])" [_thread_in_native, id=3200, stack(0x0000000009a60000,0x0000000009b60000)]
  0x00000000065f5800 JavaThread "Service Thread" daemon [_thread_blocked, id=2340, stack(0x0000000007c00000,0x0000000007d00000)]
=>0x00000000065e7800 JavaThread "C2 CompilerThread1" daemon [_thread_in_native, id=7784, stack(0x00000000079e0000,0x0000000007ae0000)]
  0x00000000065e7000 JavaThread "C2 CompilerThread0" daemon [_thread_blocked, id=6600, stack(0x0000000007840000,0x0000000007940000)]
  0x00000000065da800 JavaThread "JDWP Event Helper Thread" daemon [_thread_blocked, id=7208, stack(0x0000000007700000,0x0000000007800000)]
  0x00000000065ca000 JavaThread "JDWP Transport Listener: dt_socket" daemon [_thread_in_native, id=6520, stack(0x0000000007570000,0x0000000007670000)]
  0x00000000065a4800 JavaThread "Attach Listener" daemon [_thread_blocked, id=8024, stack(0x0000000006a00000,0x0000000006b00000)]
  0x000000000659f800 JavaThread "Signal Dispatcher" daemon [_thread_blocked, id=3420, stack(0x0000000007000000,0x0000000007100000)]
  0x000000000258b000 JavaThread "Finalizer" daemon [_thread_blocked, id=8012, stack(0x0000000006e00000,0x0000000006f00000)]
  0x0000000002584000 JavaThread "Reference Handler" daemon [_thread_blocked, id=6392, stack(0x0000000006cc0000,0x0000000006dc0000)]

Other Threads:
  0x000000000257a800 VMThread [stack: 0x0000000006b90000,0x0000000006c90000] [id=1320]
  0x00000000065fe800 WatcherThread [stack: 0x0000000007d10000,0x0000000007e10000] [id=5508]

VM state:at safepoint (normal execution)

VM Mutex/Monitor currently owned by a thread:  ([mutex/lock_event])
[0x000000000231d140] Threads_lock - owner thread: 0x000000000257a800
[0x000000000231d640] Heap_lock - owner thread: 0x0000000008a8b800

Heap
 PSYoungGen      total 64896K, used 64838K [0x00000000e10b0000, 0x00000000e7b90000, 0x0000000100000000)
  eden space 60608K, 1% used [0x00000000e10b0000,0x00000000e11d3330,0x00000000e4be0000)
  from space 2560K, 98% used [0x00000000e7910000,0x00000000e7b84b40,0x00000000e7b90000)
  to   space 9408K, 0% used [0x00000000e6930000,0x00000000e6930000,0x00000000e7260000)
 PSOldGen        total 63424K, used 25236K [0x00000000a3200000, 0x00000000a6ff0000, 0x00000000e10b0000)
  object space 63424K, 39% used [0x00000000a3200000,0x00000000a4aa5020,0x00000000a6ff0000)
 PSPermGen       total 41600K, used 41577K [0x000000009e000000, 0x00000000a08a0000, 0x00000000a3200000)
  object space 41600K, 99% used [0x000000009e000000,0x00000000a089a6e8,0x00000000a08a0000)

Code Cache  [0x00000000027b0000, 0x0000000002c10000, 0x00000000057b0000)
 total_blobs=1531 nmethods=832 adapters=658 free_code_cache=44825Kb largest_free_block=45776000

Dynamic libraries:
0x000000013fe50000 - 0x000000013fe83000 	C:\Program Files\Java\jdk1.7.0_02\bin\java.exe
0x0000000077910000 - 0x0000000077ab9000 	C:\Windows\SYSTEM32\ntdll.dll
0x0000000077490000 - 0x00000000775af000 	C:\Windows\system32\kernel32.dll
0x000007fefe0d0000 - 0x000007fefe13c000 	C:\Windows\system32\KERNELBASE.dll
0x0000000075180000 - 0x00000000751bf000 	C:\Program Files\AVAST Software\Avast\snxhk64.dll
0x000007feff6e0000 - 0x000007feff7bb000 	C:\Windows\system32\ADVAPI32.dll
0x000007feff320000 - 0x000007feff3bf000 	C:\Windows\system32\msvcrt.dll
0x000007feff2f0000 - 0x000007feff30f000 	C:\Windows\SYSTEM32\sechost.dll
0x000007fefe350000 - 0x000007fefe47d000 	C:\Windows\system32\RPCRT4.dll
0x0000000077230000 - 0x000000007732a000 	C:\Windows\system32\USER32.dll
0x000007fefe2e0000 - 0x000007fefe347000 	C:\Windows\system32\GDI32.dll
0x000007feff310000 - 0x000007feff31e000 	C:\Windows\system32\LPK.dll
0x000007feff8f0000 - 0x000007feff9b9000 	C:\Windows\system32\USP10.dll
0x000007fefc540000 - 0x000007fefc734000 	C:\Windows\WinSxS\amd64_microsoft.windows.common-controls_6595b64144ccf1df_6.0.7601.17514_none_fa396087175ac9ac\COMCTL32.dll
0x000007feff860000 - 0x000007feff8d1000 	C:\Windows\system32\SHLWAPI.dll
0x000007fefe2b0000 - 0x000007fefe2de000 	C:\Windows\system32\IMM32.DLL
0x000007fefe140000 - 0x000007fefe249000 	C:\Windows\system32\MSCTF.dll
0x000000005cc00000 - 0x000000005ccd1000 	C:\Program Files\Java\jdk1.7.0_02\jre\bin\msvcr100.dll
0x0000000059b70000 - 0x000000005a24a000 	C:\Program Files\Java\jdk1.7.0_02\jre\bin\server\jvm.dll
0x000007fefca20000 - 0x000007fefca29000 	C:\Windows\system32\WSOCK32.dll
0x000007feff9c0000 - 0x000007feffa0d000 	C:\Windows\system32\WS2_32.dll
0x000007feff8e0000 - 0x000007feff8e8000 	C:\Windows\system32\NSI.dll
0x000007fefbf40000 - 0x000007fefbf7b000 	C:\Windows\system32\WINMM.dll
0x0000000077ad0000 - 0x0000000077ad7000 	C:\Windows\system32\PSAPI.DLL
0x0000000074be0000 - 0x0000000074bef000 	C:\Program Files\Java\jdk1.7.0_02\jre\bin\verify.dll
0x0000000074bb0000 - 0x0000000074bd8000 	C:\Program Files\Java\jdk1.7.0_02\jre\bin\java.dll
0x00000000742c0000 - 0x00000000742f5000 	C:\Program Files\Java\jdk1.7.0_02\jre\bin\jdwp.dll
0x0000000074b80000 - 0x0000000074ba3000 	C:\Program Files\Java\jdk1.7.0_02\jre\bin\instrument.dll
0x0000000074c30000 - 0x0000000074c38000 	C:\Program Files\Java\jdk1.7.0_02\jre\bin\npt.dll
0x00000000742a0000 - 0x00000000742b5000 	C:\Program Files\Java\jdk1.7.0_02\jre\bin\zip.dll
0x0000000074a60000 - 0x0000000074a69000 	C:\Program Files\Java\jdk1.7.0_02\jre\bin\dt_socket.dll
0x000007fefd5e0000 - 0x000007fefd635000 	C:\Windows\system32\mswsock.dll
0x000007fefcfa0000 - 0x000007fefcfa7000 	C:\Windows\System32\wshtcpip.dll
0x0000000072e20000 - 0x0000000072e39000 	C:\Program Files\Java\jdk1.7.0_02\jre\bin\net.dll
0x000007fefd5d0000 - 0x000007fefd5d7000 	C:\Windows\System32\wship6.dll
0x0000000072e40000 - 0x0000000072e51000 	C:\Program Files\Java\jdk1.7.0_02\jre\bin\nio.dll
0x000007fefd640000 - 0x000007fefd657000 	C:\Windows\system32\CRYPTSP.dll
0x000007fefd340000 - 0x000007fefd387000 	C:\Windows\system32\rsaenh.dll
0x000007fefd0c0000 - 0x000007fefd0de000 	C:\Windows\system32\USERENV.dll
0x000007fefdcd0000 - 0x000007fefdcdf000 	C:\Windows\system32\profapi.dll
0x000007fefdca0000 - 0x000007fefdcaf000 	C:\Windows\system32\CRYPTBASE.dll
0x000007fefbe10000 - 0x000007fefbe25000 	C:\Windows\system32\NLAapi.dll
0x000007fef5f50000 - 0x000007fef5f65000 	C:\Windows\system32\napinsp.dll
0x000007fef5ef0000 - 0x000007fef5f09000 	C:\Windows\system32\pnrpnsp.dll
0x000007fef5ee0000 - 0x000007fef5ef0000 	C:\Windows\system32\wshbth.dll
0x000007fefd460000 - 0x000007fefd4bb000 	C:\Windows\system32\DNSAPI.dll
0x000007fef5ed0000 - 0x000007fef5edb000 	C:\Windows\System32\winrnr.dll
0x000007fefbc30000 - 0x000007fefbc57000 	C:\Windows\system32\IPHLPAPI.DLL
0x000007fefbc10000 - 0x000007fefbc1b000 	C:\Windows\system32\WINNSI.DLL
0x000007fef5ea0000 - 0x000007fef5ea8000 	C:\Windows\system32\rasadhlp.dll
0x000007fefbaa0000 - 0x000007fefbaf3000 	C:\Windows\System32\fwpuclnt.dll
0x0000000072e00000 - 0x0000000072e0b000 	C:\Program Files\Java\jdk1.7.0_02\jre\bin\management.dll
0x0000000065b60000 - 0x0000000065b84000 	C:\Program Files\Java\jdk1.7.0_02\jre\bin\sunec.dll

VM Arguments:
jvm_args: -javaagent:D:\ambiente\play-1.2.4\framework/play-1.2.4.jar -XX:-UseSplitVerifier -Dfile.encoding=utf-8 -Xdebug -Xrunjdwp:transport=dt_socket,address=8000,server=y,suspend=n -Dplay.debug=yes -Dapplication.path=D:\workspace\TaskControl -Dplay.id= 
java_command: play.server.Server 
Launcher Type: SUN_STANDARD

Environment Variables:
JAVA_HOME=C:\Program Files\Java\jdk1.7.0_02
PATH=C:\oraclexe\app\oracle\product\10.2.0\server\bin;C:\Windows\system32;C:\Windows;C:\Windows\System32\Wbem;C:\Windows\System32\WindowsPowerShell\v1.0\;C:\Program Files\TortoiseSVN\bin;D:\ambiente\play-1.2.4;C:\Program Files\Java\jdk1.7.0_02\bin;D:\ambiente\apache-maven-3.0.3\bin;C:\Program Files (x86)\Microsoft ASP.NET\ASP.NET Web Pages\v1.0\
USERNAME=eduardo.cerqueira
OS=Windows_NT
PROCESSOR_IDENTIFIER=Intel64 Family 6 Model 37 Stepping 5, GenuineIntel



---------------  S Y S T E M  ---------------

OS: Windows 7 , 64 bit Build 7601 Service Pack 1

CPU:total 4 (2 cores per cpu, 2 threads per core) family 6 model 37 stepping 5, cmov, cx8, fxsr, mmx, sse, sse2, sse3, ssse3, sse4.1, sse4.2, popcnt, ht

Memory: 4k page, physical 6084460k(2184960k free), swap 12167068k(7051416k free)

vm_info: Java HotSpot(TM) 64-Bit Server VM (22.0-b10) for windows-amd64 JRE (1.7.0_02-b13), built on Nov 17 2011 13:51:15 by "java_re" with unknown MS VC++:1600

time: Fri May 04 17:06:02 2012
elapsed time: 2914 seconds

